\BOOKMARK [0][-]{chapter.1}{\376\377\000D\000e\000p\000r\000e\000c\000a\000t\000e\000d\000\040\000L\000i\000s\000t}{}% 1
\BOOKMARK [0][-]{chapter.2}{\376\377\000D\000a\000t\000a\000\040\000S\000t\000r\000u\000c\000t\000u\000r\000e\000\040\000I\000n\000d\000e\000x}{}% 2
\BOOKMARK [1][-]{section.2.1}{\376\377\000D\000a\000t\000a\000\040\000S\000t\000r\000u\000c\000t\000u\000r\000e\000s}{chapter.2}% 3
\BOOKMARK [0][-]{chapter.3}{\376\377\000F\000i\000l\000e\000\040\000I\000n\000d\000e\000x}{}% 4
\BOOKMARK [1][-]{section.3.1}{\376\377\000F\000i\000l\000e\000\040\000L\000i\000s\000t}{chapter.3}% 5
\BOOKMARK [0][-]{chapter.4}{\376\377\000D\000a\000t\000a\000\040\000S\000t\000r\000u\000c\000t\000u\000r\000e\000\040\000D\000o\000c\000u\000m\000e\000n\000t\000a\000t\000i\000o\000n}{}% 6
\BOOKMARK [1][-]{section.4.1}{\376\377\000c\000w\000d\000\040\000S\000t\000r\000u\000c\000t\000\040\000R\000e\000f\000e\000r\000e\000n\000c\000e}{chapter.4}% 7
\BOOKMARK [2][-]{subsection.4.1.1}{\376\377\000D\000e\000t\000a\000i\000l\000e\000d\000\040\000D\000e\000s\000c\000r\000i\000p\000t\000i\000o\000n}{section.4.1}% 8
\BOOKMARK [2][-]{subsection.4.1.2}{\376\377\000F\000i\000e\000l\000d\000\040\000D\000o\000c\000u\000m\000e\000n\000t\000a\000t\000i\000o\000n}{section.4.1}% 9
\BOOKMARK [3][-]{subsubsection.4.1.2.1}{\376\377\000c\000u\000r\000\137\000i\000n\000d\000e\000x}{subsection.4.1.2}% 10
\BOOKMARK [3][-]{subsubsection.4.1.2.2}{\376\377\000d\000i\000r\000e\000c\000t\000o\000r\000y}{subsection.4.1.2}% 11
\BOOKMARK [1][-]{section.4.2}{\376\377\000d\000a\000t\000a\000\137\000i\000n\000d\000e\000x\000\040\000S\000t\000r\000u\000c\000t\000\040\000R\000e\000f\000e\000r\000e\000n\000c\000e}{chapter.4}% 12
\BOOKMARK [2][-]{subsection.4.2.1}{\376\377\000F\000i\000e\000l\000d\000\040\000D\000o\000c\000u\000m\000e\000n\000t\000a\000t\000i\000o\000n}{section.4.2}% 13
\BOOKMARK [3][-]{subsubsection.4.2.1.1}{\376\377\000d\000a\000t\000a\000\137\000l\000o\000c\000a\000t\000i\000o\000n\000s}{subsection.4.2.1}% 14
\BOOKMARK [3][-]{subsubsection.4.2.1.2}{\376\377\000i\000n\000d\000e\000x\000\137\000l\000o\000c\000a\000t\000i\000o\000n}{subsection.4.2.1}% 15
\BOOKMARK [1][-]{section.4.3}{\376\377\000f\000r\000e\000e\000\137\000b\000l\000o\000c\000k\000\137\000l\000i\000s\000t\000\040\000S\000t\000r\000u\000c\000t\000\040\000R\000e\000f\000e\000r\000e\000n\000c\000e}{chapter.4}% 16
\BOOKMARK [2][-]{subsection.4.3.1}{\376\377\000D\000e\000t\000a\000i\000l\000e\000d\000\040\000D\000e\000s\000c\000r\000i\000p\000t\000i\000o\000n}{section.4.3}% 17
\BOOKMARK [2][-]{subsection.4.3.2}{\376\377\000F\000i\000e\000l\000d\000\040\000D\000o\000c\000u\000m\000e\000n\000t\000a\000t\000i\000o\000n}{section.4.3}% 18
\BOOKMARK [3][-]{subsubsection.4.3.2.1}{\376\377\000f\000r\000e\000e\000\137\000b\000l\000o\000c\000k\000s}{subsection.4.3.2}% 19
\BOOKMARK [1][-]{section.4.4}{\376\377\000i\000n\000o\000d\000e\000\040\000S\000t\000r\000u\000c\000t\000\040\000R\000e\000f\000e\000r\000e\000n\000c\000e}{chapter.4}% 20
\BOOKMARK [2][-]{subsection.4.4.1}{\376\377\000D\000e\000t\000a\000i\000l\000e\000d\000\040\000D\000e\000s\000c\000r\000i\000p\000t\000i\000o\000n}{section.4.4}% 21
\BOOKMARK [2][-]{subsection.4.4.2}{\376\377\000F\000i\000e\000l\000d\000\040\000D\000o\000c\000u\000m\000e\000n\000t\000a\000t\000i\000o\000n}{section.4.4}% 22
\BOOKMARK [3][-]{subsubsection.4.4.2.1}{\376\377\000c\000h\000e\000c\000k\000\137\000s\000u\000m}{subsection.4.4.2}% 23
\BOOKMARK [3][-]{subsubsection.4.4.2.2}{\376\377\000d\000a\000t\000e\000\137\000l\000a\000s\000t\000\137\000a\000c\000c\000e\000s\000s\000e\000d}{subsection.4.4.2}% 24
\BOOKMARK [3][-]{subsubsection.4.4.2.3}{\376\377\000d\000a\000t\000e\000\137\000l\000a\000s\000t\000\137\000m\000o\000d\000i\000f\000i\000e\000d}{subsection.4.4.2}% 25
\BOOKMARK [3][-]{subsubsection.4.4.2.4}{\376\377\000d\000a\000t\000e\000\137\000o\000f\000\137\000c\000r\000e\000a\000t\000e}{subsection.4.4.2}% 26
\BOOKMARK [3][-]{subsubsection.4.4.2.5}{\376\377\000e\000n\000c\000r\000y\000p\000t\000e\000d}{subsection.4.4.2}% 27
\BOOKMARK [3][-]{subsubsection.4.4.2.6}{\376\377\000e\000x\000e\000c\000u\000t\000e}{subsection.4.4.2}% 28
\BOOKMARK [3][-]{subsubsection.4.4.2.7}{\376\377\000f\000i\000l\000e\000\137\000o\000w\000n\000e\000r}{subsection.4.4.2}% 29
\BOOKMARK [3][-]{subsubsection.4.4.2.8}{\376\377\000f\000i\000l\000e\000\137\000s\000i\000z\000e}{subsection.4.4.2}% 30
\BOOKMARK [3][-]{subsubsection.4.4.2.9}{\376\377\000l\000a\000s\000t\000\137\000u\000s\000e\000r\000\137\000m\000o\000d\000i\000f\000i\000e\000d}{subsection.4.4.2}% 31
\BOOKMARK [3][-]{subsubsection.4.4.2.10}{\376\377\000l\000o\000c\000a\000t\000i\000o\000n}{subsection.4.4.2}% 32
\BOOKMARK [3][-]{subsubsection.4.4.2.11}{\376\377\000n\000a\000m\000e}{subsection.4.4.2}% 33
\BOOKMARK [3][-]{subsubsection.4.4.2.12}{\376\377\000r\000e\000a\000d}{subsection.4.4.2}% 34
\BOOKMARK [3][-]{subsubsection.4.4.2.13}{\376\377\000t\000y\000p\000e}{subsection.4.4.2}% 35
\BOOKMARK [3][-]{subsubsection.4.4.2.14}{\376\377\000u\000u\000i\000d}{subsection.4.4.2}% 36
\BOOKMARK [3][-]{subsubsection.4.4.2.15}{\376\377\000w\000r\000i\000t\000e}{subsection.4.4.2}% 37
\BOOKMARK [1][-]{section.4.5}{\376\377\000S\000u\000p\000e\000r\000b\000l\000o\000c\000k\000\040\000S\000t\000r\000u\000c\000t\000\040\000R\000e\000f\000e\000r\000e\000n\000c\000e}{chapter.4}% 38
\BOOKMARK [2][-]{subsection.4.5.1}{\376\377\000D\000e\000t\000a\000i\000l\000e\000d\000\040\000D\000e\000s\000c\000r\000i\000p\000t\000i\000o\000n}{section.4.5}% 39
\BOOKMARK [1][-]{section.4.6}{\376\377\000s\000u\000p\000e\000r\000b\000l\000o\000c\000k\000\040\000S\000t\000r\000u\000c\000t\000\040\000R\000e\000f\000e\000r\000e\000n\000c\000e}{chapter.4}% 40
\BOOKMARK [2][-]{subsection.4.6.1}{\376\377\000F\000i\000e\000l\000d\000\040\000D\000o\000c\000u\000m\000e\000n\000t\000a\000t\000i\000o\000n}{section.4.6}% 41
\BOOKMARK [3][-]{subsubsection.4.6.1.1}{\376\377\000b\000l\000o\000c\000k\000\137\000s\000i\000z\000e}{subsection.4.6.1}% 42
\BOOKMARK [3][-]{subsubsection.4.6.1.2}{\376\377\000d\000e\000v\000i\000c\000e\000\137\000i\000d}{subsection.4.6.1}% 43
\BOOKMARK [3][-]{subsubsection.4.6.1.3}{\376\377\000f\000r\000e\000e\000\137\000b\000l\000o\000c\000k\000\137\000l\000i\000s\000t}{subsection.4.6.1}% 44
\BOOKMARK [3][-]{subsubsection.4.6.1.4}{\376\377\000r\000o\000o\000t\000\137\000d\000i\000r}{subsection.4.6.1}% 45
\BOOKMARK [3][-]{subsubsection.4.6.1.5}{\376\377\000s\000i\000z\000e\000\137\000o\000f\000\137\000d\000i\000s\000k}{subsection.4.6.1}% 46
\BOOKMARK [3][-]{subsubsection.4.6.1.6}{\376\377\000u\000u\000i\000d}{subsection.4.6.1}% 47
\BOOKMARK [1][-]{section.4.7}{\376\377\000s\000w\000o\000f\000t\000\040\000S\000t\000r\000u\000c\000t\000\040\000R\000e\000f\000e\000r\000e\000n\000c\000e}{chapter.4}% 48
\BOOKMARK [2][-]{subsection.4.7.1}{\376\377\000D\000e\000t\000a\000i\000l\000e\000d\000\040\000D\000e\000s\000c\000r\000i\000p\000t\000i\000o\000n}{section.4.7}% 49
\BOOKMARK [2][-]{subsection.4.7.2}{\376\377\000F\000i\000e\000l\000d\000\040\000D\000o\000c\000u\000m\000e\000n\000t\000a\000t\000i\000o\000n}{section.4.7}% 50
\BOOKMARK [3][-]{subsubsection.4.7.2.1}{\376\377\000f\000d}{subsection.4.7.2}% 51
\BOOKMARK [3][-]{subsubsection.4.7.2.2}{\376\377\000t\000a\000k\000e\000n}{subsection.4.7.2}% 52
\BOOKMARK [0][-]{chapter.5}{\376\377\000F\000i\000l\000e\000\040\000D\000o\000c\000u\000m\000e\000n\000t\000a\000t\000i\000o\000n}{}% 53
\BOOKMARK [1][-]{section.5.1}{\376\377\000b\000l\000o\000c\000k\000\137\000f\000u\000n\000c\000.\000c\000\040\000F\000i\000l\000e\000\040\000R\000e\000f\000e\000r\000e\000n\000c\000e}{chapter.5}% 54
\BOOKMARK [2][-]{subsection.5.1.1}{\376\377\000F\000u\000n\000c\000t\000i\000o\000n\000\040\000D\000o\000c\000u\000m\000e\000n\000t\000a\000t\000i\000o\000n}{section.5.1}% 55
\BOOKMARK [3][-]{subsubsection.5.1.1.1}{\376\377\000g\000e\000t\000\137\000d\000a\000t\000a}{subsection.5.1.1}% 56
\BOOKMARK [3][-]{subsubsection.5.1.1.2}{\376\377\000r\000e\000a\000d\000\137\000b\000l\000o\000c\000k}{subsection.5.1.1}% 57
\BOOKMARK [3][-]{subsubsection.5.1.1.3}{\376\377\000w\000r\000i\000t\000e\000\137\000b\000l\000o\000c\000k}{subsection.5.1.1}% 58
\BOOKMARK [1][-]{section.5.2}{\376\377\000b\000l\000o\000c\000k\000\137\000f\000u\000n\000c\000.\000h\000\040\000F\000i\000l\000e\000\040\000R\000e\000f\000e\000r\000e\000n\000c\000e}{chapter.5}% 59
\BOOKMARK [2][-]{subsection.5.2.1}{\376\377\000F\000u\000n\000c\000t\000i\000o\000n\000\040\000D\000o\000c\000u\000m\000e\000n\000t\000a\000t\000i\000o\000n}{section.5.2}% 60
\BOOKMARK [3][-]{subsubsection.5.2.1.1}{\376\377\000g\000e\000t\000\137\000d\000a\000t\000a}{subsection.5.2.1}% 61
\BOOKMARK [3][-]{subsubsection.5.2.1.2}{\376\377\000r\000e\000a\000d\000\137\000b\000l\000o\000c\000k}{subsection.5.2.1}% 62
\BOOKMARK [3][-]{subsubsection.5.2.1.3}{\376\377\000w\000r\000i\000t\000e\000\137\000b\000l\000o\000c\000k}{subsection.5.2.1}% 63
\BOOKMARK [1][-]{section.5.3}{\376\377\000b\000l\000o\000c\000k\000i\000o\000.\000c\000\040\000F\000i\000l\000e\000\040\000R\000e\000f\000e\000r\000e\000n\000c\000e}{chapter.5}% 64
\BOOKMARK [2][-]{subsection.5.3.1}{\376\377\000M\000a\000c\000r\000o\000\040\000D\000e\000f\000i\000n\000i\000t\000i\000o\000n\000\040\000D\000o\000c\000u\000m\000e\000n\000t\000a\000t\000i\000o\000n}{section.5.3}% 65
\BOOKMARK [3][-]{subsubsection.5.3.1.1}{\376\377\000D\000I\000S\000K\000F\000I\000L\000E}{subsection.5.3.1}% 66
\BOOKMARK [3][-]{subsubsection.5.3.1.2}{\376\377\000D\000I\000S\000K\000F\000I\000L\000E\000M\000O\000D\000E}{subsection.5.3.1}% 67
\BOOKMARK [2][-]{subsection.5.3.2}{\376\377\000F\000u\000n\000c\000t\000i\000o\000n\000\040\000D\000o\000c\000u\000m\000e\000n\000t\000a\000t\000i\000o\000n}{section.5.3}% 68
\BOOKMARK [3][-]{subsubsection.5.3.2.1}{\376\377\000g\000e\000t\000\137\000b\000l\000o\000c\000k}{subsection.5.3.2}% 69
\BOOKMARK [3][-]{subsubsection.5.3.2.2}{\376\377\000p\000u\000t\000\137\000b\000l\000o\000c\000k}{subsection.5.3.2}% 70
\BOOKMARK [1][-]{section.5.4}{\376\377\000b\000l\000o\000c\000k\000i\000o\000.\000h\000\040\000F\000i\000l\000e\000\040\000R\000e\000f\000e\000r\000e\000n\000c\000e}{chapter.5}% 71
\BOOKMARK [2][-]{subsection.5.4.1}{\376\377\000F\000u\000n\000c\000t\000i\000o\000n\000\040\000D\000o\000c\000u\000m\000e\000n\000t\000a\000t\000i\000o\000n}{section.5.4}% 72
\BOOKMARK [3][-]{subsubsection.5.4.1.1}{\376\377\000g\000e\000t\000\137\000b\000l\000o\000c\000k}{subsection.5.4.1}% 73
\BOOKMARK [3][-]{subsubsection.5.4.1.2}{\376\377\000p\000u\000t\000\137\000b\000l\000o\000c\000k}{subsection.5.4.1}% 74
\BOOKMARK [1][-]{section.5.5}{\376\377\000c\000l\000o\000s\000e\000\137\000f\000i\000l\000e\000.\000c\000\040\000F\000i\000l\000e\000\040\000R\000e\000f\000e\000r\000e\000n\000c\000e}{chapter.5}% 75
\BOOKMARK [2][-]{subsection.5.5.1}{\376\377\000F\000u\000n\000c\000t\000i\000o\000n\000\040\000D\000o\000c\000u\000m\000e\000n\000t\000a\000t\000i\000o\000n}{section.5.5}% 76
\BOOKMARK [3][-]{subsubsection.5.5.1.1}{\376\377\000s\000f\000s\000\137\000c\000l\000o\000s\000e}{subsection.5.5.1}% 77
\BOOKMARK [1][-]{section.5.6}{\376\377\000c\000l\000o\000s\000e\000\137\000f\000i\000l\000e\000.\000h\000\040\000F\000i\000l\000e\000\040\000R\000e\000f\000e\000r\000e\000n\000c\000e}{chapter.5}% 78
\BOOKMARK [2][-]{subsection.5.6.1}{\376\377\000F\000u\000n\000c\000t\000i\000o\000n\000\040\000D\000o\000c\000u\000m\000e\000n\000t\000a\000t\000i\000o\000n}{section.5.6}% 79
\BOOKMARK [3][-]{subsubsection.5.6.1.1}{\376\377\000s\000f\000s\000\137\000c\000l\000o\000s\000e}{subsection.5.6.1}% 80
\BOOKMARK [1][-]{section.5.7}{\376\377\000c\000r\000e\000a\000t\000e\000\137\000f\000i\000l\000e\000.\000c\000\040\000F\000i\000l\000e\000\040\000R\000e\000f\000e\000r\000e\000n\000c\000e}{chapter.5}% 81
\BOOKMARK [2][-]{subsection.5.7.1}{\376\377\000F\000u\000n\000c\000t\000i\000o\000n\000\040\000D\000o\000c\000u\000m\000e\000n\000t\000a\000t\000i\000o\000n}{section.5.7}% 82
\BOOKMARK [3][-]{subsubsection.5.7.1.1}{\376\377\000s\000f\000s\000\137\000c\000r\000e\000a\000t\000e}{subsection.5.7.1}% 83
\BOOKMARK [1][-]{section.5.8}{\376\377\000c\000r\000e\000a\000t\000e\000\137\000f\000i\000l\000e\000.\000h\000\040\000F\000i\000l\000e\000\040\000R\000e\000f\000e\000r\000e\000n\000c\000e}{chapter.5}% 84
\BOOKMARK [2][-]{subsection.5.8.1}{\376\377\000M\000a\000c\000r\000o\000\040\000D\000e\000f\000i\000n\000i\000t\000i\000o\000n\000\040\000D\000o\000c\000u\000m\000e\000n\000t\000a\000t\000i\000o\000n}{section.5.8}% 85
\BOOKMARK [3][-]{subsubsection.5.8.1.1}{\376\377\000C\000R\000E\000A\000T\000E\000\137\000S\000I\000Z\000E}{subsection.5.8.1}% 86
\BOOKMARK [2][-]{subsection.5.8.2}{\376\377\000F\000u\000n\000c\000t\000i\000o\000n\000\040\000D\000o\000c\000u\000m\000e\000n\000t\000a\000t\000i\000o\000n}{section.5.8}% 87
\BOOKMARK [3][-]{subsubsection.5.8.2.1}{\376\377\000s\000f\000s\000\137\000c\000r\000e\000a\000t\000e}{subsection.5.8.2}% 88
\BOOKMARK [1][-]{section.5.9}{\376\377\000d\000e\000l\000e\000t\000e\000\137\000f\000i\000l\000e\000.\000c\000\040\000F\000i\000l\000e\000\040\000R\000e\000f\000e\000r\000e\000n\000c\000e}{chapter.5}% 89
\BOOKMARK [2][-]{subsection.5.9.1}{\376\377\000F\000u\000n\000c\000t\000i\000o\000n\000\040\000D\000o\000c\000u\000m\000e\000n\000t\000a\000t\000i\000o\000n}{section.5.9}% 90
\BOOKMARK [3][-]{subsubsection.5.9.1.1}{\376\377\000s\000f\000s\000\137\000d\000e\000l\000e\000t\000e}{subsection.5.9.1}% 91
\BOOKMARK [1][-]{section.5.10}{\376\377\000d\000e\000l\000e\000t\000e\000\137\000f\000i\000l\000e\000.\000h\000\040\000F\000i\000l\000e\000\040\000R\000e\000f\000e\000r\000e\000n\000c\000e}{chapter.5}% 92
\BOOKMARK [2][-]{subsection.5.10.1}{\376\377\000F\000u\000n\000c\000t\000i\000o\000n\000\040\000D\000o\000c\000u\000m\000e\000n\000t\000a\000t\000i\000o\000n}{section.5.10}% 93
\BOOKMARK [3][-]{subsubsection.5.10.1.1}{\376\377\000s\000f\000s\000\137\000d\000e\000l\000e\000t\000e}{subsection.5.10.1}% 94
\BOOKMARK [1][-]{section.5.11}{\376\377\000e\000r\000r\000o\000r\000.\000c\000\040\000F\000i\000l\000e\000\040\000R\000e\000f\000e\000r\000e\000n\000c\000e}{chapter.5}% 95
\BOOKMARK [2][-]{subsection.5.11.1}{\376\377\000F\000u\000n\000c\000t\000i\000o\000n\000\040\000D\000o\000c\000u\000m\000e\000n\000t\000a\000t\000i\000o\000n}{section.5.11}% 96
\BOOKMARK [3][-]{subsubsection.5.11.1.1}{\376\377\000p\000r\000i\000n\000t\000\137\000e\000r\000r\000o\000r}{subsection.5.11.1}% 97
\BOOKMARK [1][-]{section.5.12}{\376\377\000e\000r\000r\000o\000r\000.\000h\000\040\000F\000i\000l\000e\000\040\000R\000e\000f\000e\000r\000e\000n\000c\000e}{chapter.5}% 98
\BOOKMARK [2][-]{subsection.5.12.1}{\376\377\000E\000n\000u\000m\000e\000r\000a\000t\000i\000o\000n\000\040\000T\000y\000p\000e\000\040\000D\000o\000c\000u\000m\000e\000n\000t\000a\000t\000i\000o\000n}{section.5.12}% 99
\BOOKMARK [3][-]{subsubsection.5.12.1.1}{\376\377\000e\000r\000r\000o\000r\000\137\000c\000o\000d\000e}{subsection.5.12.1}% 100
\BOOKMARK [2][-]{subsection.5.12.2}{\376\377\000F\000u\000n\000c\000t\000i\000o\000n\000\040\000D\000o\000c\000u\000m\000e\000n\000t\000a\000t\000i\000o\000n}{section.5.12}% 101
\BOOKMARK [3][-]{subsubsection.5.12.2.1}{\376\377\000p\000r\000i\000n\000t\000\137\000e\000r\000r\000o\000r}{subsection.5.12.2}% 102
\BOOKMARK [1][-]{section.5.13}{\376\377\000f\000r\000e\000e\000\137\000b\000l\000o\000c\000k\000\137\000l\000i\000s\000t\000.\000c\000\040\000F\000i\000l\000e\000\040\000R\000e\000f\000e\000r\000e\000n\000c\000e}{chapter.5}% 103
\BOOKMARK [2][-]{subsection.5.13.1}{\376\377\000F\000u\000n\000c\000t\000i\000o\000n\000\040\000D\000o\000c\000u\000m\000e\000n\000t\000a\000t\000i\000o\000n}{section.5.13}% 104
\BOOKMARK [3][-]{subsubsection.5.13.1.1}{\376\377\000c\000a\000l\000c\000\137\000n\000u\000m\000\137\000f\000r\000e\000e\000\137\000b\000l\000o\000c\000k\000s}{subsection.5.13.1}% 105
\BOOKMARK [3][-]{subsubsection.5.13.1.2}{\376\377\000c\000a\000l\000c\000\137\000t\000o\000t\000a\000l\000\137\000f\000r\000e\000e\000\137\000b\000l\000o\000c\000k\000s}{subsection.5.13.1}% 106
\BOOKMARK [3][-]{subsubsection.5.13.1.3}{\376\377\000g\000e\000t\000\137\000f\000r\000e\000e\000\137\000b\000l\000o\000c\000k}{subsection.5.13.1}% 107
\BOOKMARK [3][-]{subsubsection.5.13.1.4}{\376\377\000g\000e\000t\000\137\000f\000r\000e\000e\000\137\000b\000l\000o\000c\000k\000\137\000l\000i\000s\000t}{subsection.5.13.1}% 108
\BOOKMARK [3][-]{subsubsection.5.13.1.5}{\376\377\000r\000e\000s\000e\000t\000\137\000f\000b\000l}{subsection.5.13.1}% 109
\BOOKMARK [3][-]{subsubsection.5.13.1.6}{\376\377\000s\000y\000n\000c\000\137\000f\000b\000l}{subsection.5.13.1}% 110
\BOOKMARK [3][-]{subsubsection.5.13.1.7}{\376\377\000u\000p\000d\000a\000t\000e\000\137\000f\000b\000l}{subsection.5.13.1}% 111
\BOOKMARK [3][-]{subsubsection.5.13.1.8}{\376\377\000w\000i\000p\000e\000\137\000f\000b\000l}{subsection.5.13.1}% 112
\BOOKMARK [1][-]{section.5.14}{\376\377\000f\000r\000e\000e\000\137\000b\000l\000o\000c\000k\000\137\000l\000i\000s\000t\000.\000h\000\040\000F\000i\000l\000e\000\040\000R\000e\000f\000e\000r\000e\000n\000c\000e}{chapter.5}% 113
\BOOKMARK [2][-]{subsection.5.14.1}{\376\377\000F\000u\000n\000c\000t\000i\000o\000n\000\040\000D\000o\000c\000u\000m\000e\000n\000t\000a\000t\000i\000o\000n}{section.5.14}% 114
\BOOKMARK [3][-]{subsubsection.5.14.1.1}{\376\377\000c\000a\000l\000c\000\137\000n\000u\000m\000\137\000f\000r\000e\000e\000\137\000b\000l\000o\000c\000k\000s}{subsection.5.14.1}% 115
\BOOKMARK [3][-]{subsubsection.5.14.1.2}{\376\377\000c\000a\000l\000c\000\137\000t\000o\000t\000a\000l\000\137\000f\000r\000e\000e\000\137\000b\000l\000o\000c\000k\000s}{subsection.5.14.1}% 116
\BOOKMARK [3][-]{subsubsection.5.14.1.3}{\376\377\000g\000e\000t\000\137\000f\000r\000e\000e\000\137\000b\000l\000o\000c\000k}{subsection.5.14.1}% 117
\BOOKMARK [3][-]{subsubsection.5.14.1.4}{\376\377\000g\000e\000t\000\137\000f\000r\000e\000e\000\137\000b\000l\000o\000c\000k\000\137\000l\000i\000s\000t}{subsection.5.14.1}% 118
\BOOKMARK [3][-]{subsubsection.5.14.1.5}{\376\377\000r\000e\000s\000e\000t\000\137\000f\000b\000l}{subsection.5.14.1}% 119
\BOOKMARK [3][-]{subsubsection.5.14.1.6}{\376\377\000s\000y\000n\000c\000\137\000f\000b\000l}{subsection.5.14.1}% 120
\BOOKMARK [3][-]{subsubsection.5.14.1.7}{\376\377\000u\000p\000d\000a\000t\000e\000\137\000f\000b\000l}{subsection.5.14.1}% 121
\BOOKMARK [3][-]{subsubsection.5.14.1.8}{\376\377\000w\000i\000p\000e\000\137\000f\000b\000l}{subsection.5.14.1}% 122
\BOOKMARK [1][-]{section.5.15}{\376\377\000g\000e\000t\000\137\000s\000i\000z\000e\000.\000c\000\040\000F\000i\000l\000e\000\040\000R\000e\000f\000e\000r\000e\000n\000c\000e}{chapter.5}% 123
\BOOKMARK [2][-]{subsection.5.15.1}{\376\377\000F\000u\000n\000c\000t\000i\000o\000n\000\040\000D\000o\000c\000u\000m\000e\000n\000t\000a\000t\000i\000o\000n}{section.5.15}% 124
\BOOKMARK [3][-]{subsubsection.5.15.1.1}{\376\377\000s\000f\000s\000\137\000g\000e\000t\000s\000i\000z\000e}{subsection.5.15.1}% 125
\BOOKMARK [1][-]{section.5.16}{\376\377\000g\000e\000t\000\137\000s\000i\000z\000e\000.\000h\000\040\000F\000i\000l\000e\000\040\000R\000e\000f\000e\000r\000e\000n\000c\000e}{chapter.5}% 126
\BOOKMARK [2][-]{subsection.5.16.1}{\376\377\000F\000u\000n\000c\000t\000i\000o\000n\000\040\000D\000o\000c\000u\000m\000e\000n\000t\000a\000t\000i\000o\000n}{section.5.16}% 127
\BOOKMARK [3][-]{subsubsection.5.16.1.1}{\376\377\000s\000f\000s\000\137\000g\000e\000t\000s\000i\000z\000e}{subsection.5.16.1}% 128
\BOOKMARK [1][-]{section.5.17}{\376\377\000g\000e\000t\000\137\000t\000y\000p\000e\000.\000c\000\040\000F\000i\000l\000e\000\040\000R\000e\000f\000e\000r\000e\000n\000c\000e}{chapter.5}% 129
\BOOKMARK [2][-]{subsection.5.17.1}{\376\377\000F\000u\000n\000c\000t\000i\000o\000n\000\040\000D\000o\000c\000u\000m\000e\000n\000t\000a\000t\000i\000o\000n}{section.5.17}% 130
\BOOKMARK [3][-]{subsubsection.5.17.1.1}{\376\377\000s\000f\000s\000\137\000g\000e\000t\000t\000y\000p\000e}{subsection.5.17.1}% 131
\BOOKMARK [1][-]{section.5.18}{\376\377\000g\000e\000t\000\137\000t\000y\000p\000e\000.\000h\000\040\000F\000i\000l\000e\000\040\000R\000e\000f\000e\000r\000e\000n\000c\000e}{chapter.5}% 132
\BOOKMARK [2][-]{subsection.5.18.1}{\376\377\000F\000u\000n\000c\000t\000i\000o\000n\000\040\000D\000o\000c\000u\000m\000e\000n\000t\000a\000t\000i\000o\000n}{section.5.18}% 133
\BOOKMARK [3][-]{subsubsection.5.18.1.1}{\376\377\000s\000f\000s\000\137\000g\000e\000t\000t\000y\000p\000e}{subsection.5.18.1}% 134
\BOOKMARK [1][-]{section.5.19}{\376\377\000g\000l\000o\000b\000\137\000d\000a\000t\000a\000.\000h\000\040\000F\000i\000l\000e\000\040\000R\000e\000f\000e\000r\000e\000n\000c\000e}{chapter.5}% 135
\BOOKMARK [2][-]{subsection.5.19.1}{\376\377\000M\000a\000c\000r\000o\000\040\000D\000e\000f\000i\000n\000i\000t\000i\000o\000n\000\040\000D\000o\000c\000u\000m\000e\000n\000t\000a\000t\000i\000o\000n}{section.5.19}% 136
\BOOKMARK [3][-]{subsubsection.5.19.1.1}{\376\377\000B\000L\000K\000S\000I\000Z\000E}{subsection.5.19.1}% 137
\BOOKMARK [3][-]{subsubsection.5.19.1.2}{\376\377\000F\000B\000L\000\137\000I\000N\000D\000E\000X}{subsection.5.19.1}% 138
\BOOKMARK [3][-]{subsubsection.5.19.1.3}{\376\377\000I\000N\000P\000U\000T\000\137\000B\000U\000F\000\137\000F\000O\000R\000M\000A\000T}{subsection.5.19.1}% 139
\BOOKMARK [3][-]{subsubsection.5.19.1.4}{\376\377\000I\000O\000\137\000B\000U\000F\000\137\000F\000O\000R\000M\000A\000T}{subsection.5.19.1}% 140
\BOOKMARK [3][-]{subsubsection.5.19.1.5}{\376\377\000M\000A\000X\000\137\000I\000N\000P\000U\000T\000\137\000L\000E\000N\000G\000T\000H}{subsection.5.19.1}% 141
\BOOKMARK [3][-]{subsubsection.5.19.1.6}{\376\377\000M\000A\000X\000\137\000I\000O\000\137\000L\000E\000N\000G\000T\000H}{subsection.5.19.1}% 142
\BOOKMARK [3][-]{subsubsection.5.19.1.7}{\376\377\000M\000A\000X\000\137\000N\000A\000M\000E\000\137\000L\000E\000N}{subsection.5.19.1}% 143
\BOOKMARK [3][-]{subsubsection.5.19.1.8}{\376\377\000N\000U\000M\000B\000L\000K\000S}{subsection.5.19.1}% 144
\BOOKMARK [3][-]{subsubsection.5.19.1.9}{\376\377\000N\000U\000M\000O\000F\000L}{subsection.5.19.1}% 145
\BOOKMARK [3][-]{subsubsection.5.19.1.10}{\376\377\000S\000U\000P\000E\000R\000\137\000B\000L\000O\000C\000K}{subsection.5.19.1}% 146
\BOOKMARK [3][-]{subsubsection.5.19.1.11}{\376\377\000U\000N\000I\000T\000\137\000T\000E\000S\000T\000I\000N\000G}{subsection.5.19.1}% 147
\BOOKMARK [2][-]{subsection.5.19.2}{\376\377\000T\000y\000p\000e\000d\000e\000f\000\040\000D\000o\000c\000u\000m\000e\000n\000t\000a\000t\000i\000o\000n}{section.5.19}% 148
\BOOKMARK [3][-]{subsubsection.5.19.2.1}{\376\377\000b\000l\000o\000c\000k}{subsection.5.19.2}% 149
\BOOKMARK [3][-]{subsubsection.5.19.2.2}{\376\377\000b\000y\000t\000e}{subsection.5.19.2}% 150
\BOOKMARK [3][-]{subsubsection.5.19.2.3}{\376\377\000l\000o\000c\000a\000t\000i\000o\000n\000s}{subsection.5.19.2}% 151
\BOOKMARK [2][-]{subsection.5.19.3}{\376\377\000V\000a\000r\000i\000a\000b\000l\000e\000\040\000D\000o\000c\000u\000m\000e\000n\000t\000a\000t\000i\000o\000n}{section.5.19}% 152
\BOOKMARK [3][-]{subsubsection.5.19.3.1}{\376\377\000F\000B\000L\000\137\000D\000A\000T\000A\000\137\000S\000I\000Z\000E}{subsection.5.19.3}% 153
\BOOKMARK [3][-]{subsubsection.5.19.3.2}{\376\377\000F\000B\000L\000\137\000T\000O\000T\000A\000L\000\137\000S\000I\000Z\000E}{subsection.5.19.3}% 154
\BOOKMARK [3][-]{subsubsection.5.19.3.3}{\376\377\000R\000O\000O\000T}{subsection.5.19.3}% 155
\BOOKMARK [1][-]{section.5.20}{\376\377\000g\000l\000o\000b\000\137\000f\000u\000n\000c\000.\000c\000\040\000F\000i\000l\000e\000\040\000R\000e\000f\000e\000r\000e\000n\000c\000e}{chapter.5}% 156
\BOOKMARK [2][-]{subsection.5.20.1}{\376\377\000F\000u\000n\000c\000t\000i\000o\000n\000\040\000D\000o\000c\000u\000m\000e\000n\000t\000a\000t\000i\000o\000n}{section.5.20}% 157
\BOOKMARK [3][-]{subsubsection.5.20.1.1}{\376\377\000a\000l\000l\000o\000c\000a\000t\000e\000\137\000b\000u\000f}{subsection.5.20.1}% 158
\BOOKMARK [3][-]{subsubsection.5.20.1.2}{\376\377\000c\000a\000l\000c\000\137\000n\000u\000m\000\137\000b\000l\000o\000c\000k\000s}{subsection.5.20.1}% 159
\BOOKMARK [3][-]{subsubsection.5.20.1.3}{\376\377\000c\000a\000l\000c\000\137\000n\000u\000m\000\137\000b\000y\000t\000e\000s}{subsection.5.20.1}% 160
\BOOKMARK [3][-]{subsubsection.5.20.1.4}{\376\377\000c\000o\000n\000c\000a\000t}{subsection.5.20.1}% 161
\BOOKMARK [3][-]{subsubsection.5.20.1.5}{\376\377\000c\000o\000n\000c\000a\000t\000\137\000l\000e\000n}{subsection.5.20.1}% 162
\BOOKMARK [3][-]{subsubsection.5.20.1.6}{\376\377\000c\000o\000p\000y\000\137\000t\000o\000\137\000b\000u\000f}{subsection.5.20.1}% 163
\BOOKMARK [3][-]{subsubsection.5.20.1.7}{\376\377\000f\000r\000e\000e\000\137\000t\000o\000k\000e\000n\000s}{subsection.5.20.1}% 164
\BOOKMARK [3][-]{subsubsection.5.20.1.8}{\376\377\000t\000o\000k\000e\000n\000i\000z\000e\000\137\000p\000a\000t\000h}{subsection.5.20.1}% 165
\BOOKMARK [1][-]{section.5.21}{\376\377\000g\000l\000o\000b\000\137\000f\000u\000n\000c\000.\000h\000\040\000F\000i\000l\000e\000\040\000R\000e\000f\000e\000r\000e\000n\000c\000e}{chapter.5}% 166
\BOOKMARK [2][-]{subsection.5.21.1}{\376\377\000F\000u\000n\000c\000t\000i\000o\000n\000\040\000D\000o\000c\000u\000m\000e\000n\000t\000a\000t\000i\000o\000n}{section.5.21}% 167
\BOOKMARK [3][-]{subsubsection.5.21.1.1}{\376\377\000a\000l\000l\000o\000c\000a\000t\000e\000\137\000b\000u\000f}{subsection.5.21.1}% 168
\BOOKMARK [3][-]{subsubsection.5.21.1.2}{\376\377\000c\000a\000l\000c\000\137\000n\000u\000m\000\137\000b\000l\000o\000c\000k\000s}{subsection.5.21.1}% 169
\BOOKMARK [3][-]{subsubsection.5.21.1.3}{\376\377\000c\000a\000l\000c\000\137\000n\000u\000m\000\137\000b\000y\000t\000e\000s}{subsection.5.21.1}% 170
\BOOKMARK [3][-]{subsubsection.5.21.1.4}{\376\377\000c\000o\000n\000c\000a\000t}{subsection.5.21.1}% 171
\BOOKMARK [3][-]{subsubsection.5.21.1.5}{\376\377\000c\000o\000n\000c\000a\000t\000\137\000l\000e\000n}{subsection.5.21.1}% 172
\BOOKMARK [3][-]{subsubsection.5.21.1.6}{\376\377\000c\000o\000p\000y\000\137\000t\000o\000\137\000b\000u\000f}{subsection.5.21.1}% 173
\BOOKMARK [3][-]{subsubsection.5.21.1.7}{\376\377\000f\000r\000e\000e\000\137\000t\000o\000k\000e\000n\000s}{subsection.5.21.1}% 174
\BOOKMARK [3][-]{subsubsection.5.21.1.8}{\376\377\000t\000o\000k\000e\000n\000i\000z\000e\000\137\000p\000a\000t\000h}{subsection.5.21.1}% 175
\BOOKMARK [1][-]{section.5.22}{\376\377\000I\000\137\000n\000o\000d\000e\000.\000c\000\040\000F\000i\000l\000e\000\040\000R\000e\000f\000e\000r\000e\000n\000c\000e}{chapter.5}% 176
\BOOKMARK [2][-]{subsection.5.22.1}{\376\377\000F\000u\000n\000c\000t\000i\000o\000n\000\040\000D\000o\000c\000u\000m\000e\000n\000t\000a\000t\000i\000o\000n}{section.5.22}% 177
\BOOKMARK [3][-]{subsubsection.5.22.1.1}{\376\377\000f\000i\000n\000d\000\137\000i\000n\000o\000d\000e}{subsection.5.22.1}% 178
\BOOKMARK [3][-]{subsubsection.5.22.1.2}{\376\377\000g\000e\000t\000\137\000c\000r\000c}{subsection.5.22.1}% 179
\BOOKMARK [3][-]{subsubsection.5.22.1.3}{\376\377\000g\000e\000t\000\137\000e\000n\000c\000r\000y\000p\000t\000e\000d}{subsection.5.22.1}% 180
\BOOKMARK [3][-]{subsubsection.5.22.1.4}{\376\377\000g\000e\000t\000\137\000i\000n\000d\000e\000x\000\137\000b\000l\000o\000c\000k}{subsection.5.22.1}% 181
\BOOKMARK [3][-]{subsubsection.5.22.1.5}{\376\377\000g\000e\000t\000\137\000i\000n\000d\000e\000x\000\137\000e\000n\000t\000r\000y}{subsection.5.22.1}% 182
\BOOKMARK [3][-]{subsubsection.5.22.1.6}{\376\377\000g\000e\000t\000\137\000i\000n\000o\000d\000e}{subsection.5.22.1}% 183
\BOOKMARK [3][-]{subsubsection.5.22.1.7}{\376\377\000g\000e\000t\000\137\000n\000a\000m\000e}{subsection.5.22.1}% 184
\BOOKMARK [3][-]{subsubsection.5.22.1.8}{\376\377\000g\000e\000t\000\137\000n\000u\000l\000l\000\137\000i\000n\000o\000d\000e}{subsection.5.22.1}% 185
\BOOKMARK [3][-]{subsubsection.5.22.1.9}{\376\377\000g\000e\000t\000\137\000s\000i\000z\000e}{subsection.5.22.1}% 186
\BOOKMARK [3][-]{subsubsection.5.22.1.10}{\376\377\000g\000e\000t\000\137\000t\000y\000p\000e}{subsection.5.22.1}% 187
\BOOKMARK [3][-]{subsubsection.5.22.1.11}{\376\377\000g\000e\000t\000\137\000u\000u\000i\000d}{subsection.5.22.1}% 188
\BOOKMARK [3][-]{subsubsection.5.22.1.12}{\376\377\000l\000i\000n\000k\000\137\000i\000n\000o\000d\000e\000\137\000t\000o\000\137\000p\000a\000r\000e\000n\000t}{subsection.5.22.1}% 189
\BOOKMARK [3][-]{subsubsection.5.22.1.13}{\376\377\000r\000e\000s\000e\000t\000\137\000i\000n\000d\000e\000x\000\137\000e\000n\000t\000r\000y}{subsection.5.22.1}% 190
\BOOKMARK [3][-]{subsubsection.5.22.1.14}{\376\377\000u\000n\000l\000i\000n\000k\000\137\000i\000n\000o\000d\000e\000\137\000f\000r\000o\000m\000\137\000p\000a\000r\000e\000n\000t}{subsection.5.22.1}% 191
\BOOKMARK [1][-]{section.5.23}{\376\377\000I\000\137\000n\000o\000d\000e\000.\000h\000\040\000F\000i\000l\000e\000\040\000R\000e\000f\000e\000r\000e\000n\000c\000e}{chapter.5}% 192
\BOOKMARK [2][-]{subsection.5.23.1}{\376\377\000F\000u\000n\000c\000t\000i\000o\000n\000\040\000D\000o\000c\000u\000m\000e\000n\000t\000a\000t\000i\000o\000n}{section.5.23}% 193
\BOOKMARK [3][-]{subsubsection.5.23.1.1}{\376\377\000f\000i\000n\000d\000\137\000i\000n\000o\000d\000e}{subsection.5.23.1}% 194
\BOOKMARK [3][-]{subsubsection.5.23.1.2}{\376\377\000g\000e\000t\000\137\000c\000r\000c}{subsection.5.23.1}% 195
\BOOKMARK [3][-]{subsubsection.5.23.1.3}{\376\377\000g\000e\000t\000\137\000e\000n\000c\000r\000y\000p\000t\000e\000d}{subsection.5.23.1}% 196
\BOOKMARK [3][-]{subsubsection.5.23.1.4}{\376\377\000g\000e\000t\000\137\000i\000n\000d\000e\000x\000\137\000b\000l\000o\000c\000k}{subsection.5.23.1}% 197
\BOOKMARK [3][-]{subsubsection.5.23.1.5}{\376\377\000g\000e\000t\000\137\000i\000n\000d\000e\000x\000\137\000e\000n\000t\000r\000y}{subsection.5.23.1}% 198
\BOOKMARK [3][-]{subsubsection.5.23.1.6}{\376\377\000g\000e\000t\000\137\000i\000n\000o\000d\000e}{subsection.5.23.1}% 199
\BOOKMARK [3][-]{subsubsection.5.23.1.7}{\376\377\000g\000e\000t\000\137\000n\000a\000m\000e}{subsection.5.23.1}% 200
\BOOKMARK [3][-]{subsubsection.5.23.1.8}{\376\377\000g\000e\000t\000\137\000n\000u\000l\000l\000\137\000i\000n\000o\000d\000e}{subsection.5.23.1}% 201
\BOOKMARK [3][-]{subsubsection.5.23.1.9}{\376\377\000g\000e\000t\000\137\000s\000i\000z\000e}{subsection.5.23.1}% 202
\BOOKMARK [3][-]{subsubsection.5.23.1.10}{\376\377\000g\000e\000t\000\137\000t\000y\000p\000e}{subsection.5.23.1}% 203
\BOOKMARK [3][-]{subsubsection.5.23.1.11}{\376\377\000g\000e\000t\000\137\000u\000u\000i\000d}{subsection.5.23.1}% 204
\BOOKMARK [3][-]{subsubsection.5.23.1.12}{\376\377\000l\000i\000n\000k\000\137\000i\000n\000o\000d\000e\000\137\000t\000o\000\137\000p\000a\000r\000e\000n\000t}{subsection.5.23.1}% 205
\BOOKMARK [3][-]{subsubsection.5.23.1.13}{\376\377\000r\000e\000s\000e\000t\000\137\000i\000n\000d\000e\000x\000\137\000e\000n\000t\000r\000y}{subsection.5.23.1}% 206
\BOOKMARK [3][-]{subsubsection.5.23.1.14}{\376\377\000u\000n\000l\000i\000n\000k\000\137\000i\000n\000o\000d\000e\000\137\000f\000r\000o\000m\000\137\000p\000a\000r\000e\000n\000t}{subsection.5.23.1}% 207
\BOOKMARK [1][-]{section.5.24}{\376\377\000i\000n\000d\000e\000x\000\137\000b\000l\000o\000c\000k\000.\000c\000\040\000F\000i\000l\000e\000\040\000R\000e\000f\000e\000r\000e\000n\000c\000e}{chapter.5}% 208
\BOOKMARK [2][-]{subsection.5.24.1}{\376\377\000F\000u\000n\000c\000t\000i\000o\000n\000\040\000D\000o\000c\000u\000m\000e\000n\000t\000a\000t\000i\000o\000n}{section.5.24}% 209
\BOOKMARK [3][-]{subsubsection.5.24.1.1}{\376\377\000c\000a\000l\000c\000\137\000i\000n\000d\000e\000x\000\137\000b\000l\000o\000c\000k\000s}{subsection.5.24.1}% 210
\BOOKMARK [3][-]{subsubsection.5.24.1.2}{\376\377\000c\000o\000u\000n\000t\000\137\000f\000i\000l\000e\000s\000\137\000i\000n\000\137\000d\000i\000r}{subsection.5.24.1}% 211
\BOOKMARK [3][-]{subsubsection.5.24.1.3}{\376\377\000g\000e\000n\000e\000r\000a\000t\000e\000\137\000i\000n\000d\000e\000x}{subsection.5.24.1}% 212
\BOOKMARK [3][-]{subsubsection.5.24.1.4}{\376\377\000i\000n\000d\000e\000x\000\137\000b\000l\000o\000c\000k\000\137\000l\000o\000c\000a\000t\000i\000o\000n\000s}{subsection.5.24.1}% 213
\BOOKMARK [3][-]{subsubsection.5.24.1.5}{\376\377\000i\000t\000e\000r\000a\000t\000e\000\137\000i\000n\000d\000e\000x}{subsection.5.24.1}% 214
\BOOKMARK [3][-]{subsubsection.5.24.1.6}{\376\377\000r\000e\000b\000u\000i\000l\000d\000\137\000i\000n\000d\000e\000x}{subsection.5.24.1}% 215
\BOOKMARK [1][-]{section.5.25}{\376\377\000i\000n\000d\000e\000x\000\137\000b\000l\000o\000c\000k\000.\000h\000\040\000F\000i\000l\000e\000\040\000R\000e\000f\000e\000r\000e\000n\000c\000e}{chapter.5}% 216
\BOOKMARK [2][-]{subsection.5.25.1}{\376\377\000T\000y\000p\000e\000d\000e\000f\000\040\000D\000o\000c\000u\000m\000e\000n\000t\000a\000t\000i\000o\000n}{section.5.25}% 217
\BOOKMARK [3][-]{subsubsection.5.25.1.1}{\376\377\000i\000n\000d\000e\000x}{subsection.5.25.1}% 218
\BOOKMARK [2][-]{subsection.5.25.2}{\376\377\000F\000u\000n\000c\000t\000i\000o\000n\000\040\000D\000o\000c\000u\000m\000e\000n\000t\000a\000t\000i\000o\000n}{section.5.25}% 219
\BOOKMARK [3][-]{subsubsection.5.25.2.1}{\376\377\000c\000a\000l\000c\000\137\000i\000n\000d\000e\000x\000\137\000b\000l\000o\000c\000k\000s}{subsection.5.25.2}% 220
\BOOKMARK [3][-]{subsubsection.5.25.2.2}{\376\377\000c\000o\000u\000n\000t\000\137\000f\000i\000l\000e\000s\000\137\000i\000n\000\137\000d\000i\000r}{subsection.5.25.2}% 221
\BOOKMARK [3][-]{subsubsection.5.25.2.3}{\376\377\000g\000e\000n\000e\000r\000a\000t\000e\000\137\000i\000n\000d\000e\000x}{subsection.5.25.2}% 222
\BOOKMARK [3][-]{subsubsection.5.25.2.4}{\376\377\000i\000n\000d\000e\000x\000\137\000b\000l\000o\000c\000k\000\137\000l\000o\000c\000a\000t\000i\000o\000n\000s}{subsection.5.25.2}% 223
\BOOKMARK [3][-]{subsubsection.5.25.2.5}{\376\377\000i\000t\000e\000r\000a\000t\000e\000\137\000i\000n\000d\000e\000x}{subsection.5.25.2}% 224
\BOOKMARK [3][-]{subsubsection.5.25.2.6}{\376\377\000r\000e\000b\000u\000i\000l\000d\000\137\000i\000n\000d\000e\000x}{subsection.5.25.2}% 225
\BOOKMARK [1][-]{section.5.26}{\376\377\000i\000n\000i\000t\000i\000a\000l\000i\000z\000e\000.\000c\000\040\000F\000i\000l\000e\000\040\000R\000e\000f\000e\000r\000e\000n\000c\000e}{chapter.5}% 226
\BOOKMARK [2][-]{subsection.5.26.1}{\376\377\000F\000u\000n\000c\000t\000i\000o\000n\000\040\000D\000o\000c\000u\000m\000e\000n\000t\000a\000t\000i\000o\000n}{section.5.26}% 227
\BOOKMARK [3][-]{subsubsection.5.26.1.1}{\376\377\000f\000r\000e\000e\000\137\000b\000l\000o\000c\000k\000\137\000i\000n\000i\000t}{subsection.5.26.1}% 228
\BOOKMARK [3][-]{subsubsection.5.26.1.2}{\376\377\000s\000f\000s\000\137\000i\000n\000i\000t\000i\000a\000l\000i\000z\000e}{subsection.5.26.1}% 229
\BOOKMARK [3][-]{subsubsection.5.26.1.3}{\376\377\000w\000i\000p\000e\000\137\000d\000i\000s\000k}{subsection.5.26.1}% 230
\BOOKMARK [2][-]{subsection.5.26.2}{\376\377\000V\000a\000r\000i\000a\000b\000l\000e\000\040\000D\000o\000c\000u\000m\000e\000n\000t\000a\000t\000i\000o\000n}{section.5.26}% 231
\BOOKMARK [3][-]{subsubsection.5.26.2.1}{\376\377\000F\000B\000L\000\137\000D\000A\000T\000A\000\137\000S\000I\000Z\000E}{subsection.5.26.2}% 232
\BOOKMARK [3][-]{subsubsection.5.26.2.2}{\376\377\000F\000B\000L\000\137\000T\000O\000T\000A\000L\000\137\000S\000I\000Z\000E}{subsection.5.26.2}% 233
\BOOKMARK [3][-]{subsubsection.5.26.2.3}{\376\377\000R\000O\000O\000T}{subsection.5.26.2}% 234
\BOOKMARK [1][-]{section.5.27}{\376\377\000i\000n\000i\000t\000i\000a\000l\000i\000z\000e\000.\000h\000\040\000F\000i\000l\000e\000\040\000R\000e\000f\000e\000r\000e\000n\000c\000e}{chapter.5}% 235
\BOOKMARK [2][-]{subsection.5.27.1}{\376\377\000F\000u\000n\000c\000t\000i\000o\000n\000\040\000D\000o\000c\000u\000m\000e\000n\000t\000a\000t\000i\000o\000n}{section.5.27}% 236
\BOOKMARK [3][-]{subsubsection.5.27.1.1}{\376\377\000f\000r\000e\000e\000\137\000b\000l\000o\000c\000k\000\137\000i\000n\000i\000t}{subsection.5.27.1}% 237
\BOOKMARK [3][-]{subsubsection.5.27.1.2}{\376\377\000s\000f\000s\000\137\000i\000n\000i\000t\000i\000a\000l\000i\000z\000e}{subsection.5.27.1}% 238
\BOOKMARK [3][-]{subsubsection.5.27.1.3}{\376\377\000w\000i\000p\000e\000\137\000d\000i\000s\000k}{subsection.5.27.1}% 239
\BOOKMARK [1][-]{section.5.28}{\376\377\000m\000o\000u\000n\000t\000.\000c\000\040\000F\000i\000l\000e\000\040\000R\000e\000f\000e\000r\000e\000n\000c\000e}{chapter.5}% 240
\BOOKMARK [2][-]{subsection.5.28.1}{\376\377\000F\000u\000n\000c\000t\000i\000o\000n\000\040\000D\000o\000c\000u\000m\000e\000n\000t\000a\000t\000i\000o\000n}{section.5.28}% 241
\BOOKMARK [3][-]{subsubsection.5.28.1.1}{\376\377\000m\000o\000u\000n\000t}{subsection.5.28.1}% 242
\BOOKMARK [3][-]{subsubsection.5.28.1.2}{\376\377\000v\000a\000l\000i\000d\000a\000t\000e\000\137\000r\000o\000o\000t\000\137\000d\000i\000r}{subsection.5.28.1}% 243
\BOOKMARK [3][-]{subsubsection.5.28.1.3}{\376\377\000v\000a\000l\000i\000d\000a\000t\000e\000\137\000s\000u\000p\000e\000r\000\137\000b\000l\000o\000c\000k}{subsection.5.28.1}% 244
\BOOKMARK [2][-]{subsection.5.28.2}{\376\377\000V\000a\000r\000i\000a\000b\000l\000e\000\040\000D\000o\000c\000u\000m\000e\000n\000t\000a\000t\000i\000o\000n}{section.5.28}% 245
\BOOKMARK [3][-]{subsubsection.5.28.2.1}{\376\377\000I\000N\000V\000A\000L\000I\000D\000\137\000U\000U\000I\000D}{subsection.5.28.2}% 246
\BOOKMARK [1][-]{section.5.29}{\376\377\000m\000o\000u\000n\000t\000.\000h\000\040\000F\000i\000l\000e\000\040\000R\000e\000f\000e\000r\000e\000n\000c\000e}{chapter.5}% 247
\BOOKMARK [2][-]{subsection.5.29.1}{\376\377\000F\000u\000n\000c\000t\000i\000o\000n\000\040\000D\000o\000c\000u\000m\000e\000n\000t\000a\000t\000i\000o\000n}{section.5.29}% 248
\BOOKMARK [3][-]{subsubsection.5.29.1.1}{\376\377\000m\000o\000u\000n\000t}{subsection.5.29.1}% 249
\BOOKMARK [3][-]{subsubsection.5.29.1.2}{\376\377\000v\000a\000l\000i\000d\000a\000t\000e\000\137\000r\000o\000o\000t\000\137\000d\000i\000r}{subsection.5.29.1}% 250
\BOOKMARK [3][-]{subsubsection.5.29.1.3}{\376\377\000v\000a\000l\000i\000d\000a\000t\000e\000\137\000s\000u\000p\000e\000r\000\137\000b\000l\000o\000c\000k}{subsection.5.29.1}% 251
\BOOKMARK [1][-]{section.5.30}{\376\377\000o\000p\000e\000n\000\137\000f\000i\000l\000e\000.\000c\000\040\000F\000i\000l\000e\000\040\000R\000e\000f\000e\000r\000e\000n\000c\000e}{chapter.5}% 252
\BOOKMARK [2][-]{subsection.5.30.1}{\376\377\000F\000u\000n\000c\000t\000i\000o\000n\000\040\000D\000o\000c\000u\000m\000e\000n\000t\000a\000t\000i\000o\000n}{section.5.30}% 253
\BOOKMARK [3][-]{subsubsection.5.30.1.1}{\376\377\000s\000f\000s\000\137\000o\000p\000e\000n}{subsection.5.30.1}% 254
\BOOKMARK [3][-]{subsubsection.5.30.1.2}{\376\377\000s\000h\000o\000w\000\137\000i\000n\000f\000o\000r\000m\000a\000t\000i\000o\000n}{subsection.5.30.1}% 255
\BOOKMARK [1][-]{section.5.31}{\376\377\000o\000p\000e\000n\000\137\000f\000i\000l\000e\000.\000h\000\040\000F\000i\000l\000e\000\040\000R\000e\000f\000e\000r\000e\000n\000c\000e}{chapter.5}% 256
\BOOKMARK [2][-]{subsection.5.31.1}{\376\377\000F\000u\000n\000c\000t\000i\000o\000n\000\040\000D\000o\000c\000u\000m\000e\000n\000t\000a\000t\000i\000o\000n}{section.5.31}% 257
\BOOKMARK [3][-]{subsubsection.5.31.1.1}{\376\377\000s\000f\000s\000\137\000o\000p\000e\000n}{subsection.5.31.1}% 258
\BOOKMARK [3][-]{subsubsection.5.31.1.2}{\376\377\000s\000h\000o\000w\000\137\000i\000n\000f\000o\000r\000m\000a\000t\000i\000o\000n}{subsection.5.31.1}% 259
\BOOKMARK [1][-]{section.5.32}{\376\377\000r\000e\000a\000d\000\137\000d\000i\000r\000.\000c\000\040\000F\000i\000l\000e\000\040\000R\000e\000f\000e\000r\000e\000n\000c\000e}{chapter.5}% 260
\BOOKMARK [2][-]{subsection.5.32.1}{\376\377\000F\000u\000n\000c\000t\000i\000o\000n\000\040\000D\000o\000c\000u\000m\000e\000n\000t\000a\000t\000i\000o\000n}{section.5.32}% 261
\BOOKMARK [3][-]{subsubsection.5.32.1.1}{\376\377\000s\000f\000s\000\137\000r\000e\000a\000d\000d\000i\000r}{subsection.5.32.1}% 262
\BOOKMARK [1][-]{section.5.33}{\376\377\000r\000e\000a\000d\000\137\000d\000i\000r\000.\000h\000\040\000F\000i\000l\000e\000\040\000R\000e\000f\000e\000r\000e\000n\000c\000e}{chapter.5}% 263
\BOOKMARK [2][-]{subsection.5.33.1}{\376\377\000F\000u\000n\000c\000t\000i\000o\000n\000\040\000D\000o\000c\000u\000m\000e\000n\000t\000a\000t\000i\000o\000n}{section.5.33}% 264
\BOOKMARK [3][-]{subsubsection.5.33.1.1}{\376\377\000s\000f\000s\000\137\000r\000e\000a\000d\000d\000i\000r}{subsection.5.33.1}% 265
\BOOKMARK [1][-]{section.5.34}{\376\377\000r\000e\000a\000d\000\137\000f\000i\000l\000e\000.\000c\000\040\000F\000i\000l\000e\000\040\000R\000e\000f\000e\000r\000e\000n\000c\000e}{chapter.5}% 266
\BOOKMARK [2][-]{subsection.5.34.1}{\376\377\000F\000u\000n\000c\000t\000i\000o\000n\000\040\000D\000o\000c\000u\000m\000e\000n\000t\000a\000t\000i\000o\000n}{section.5.34}% 267
\BOOKMARK [3][-]{subsubsection.5.34.1.1}{\376\377\000s\000f\000s\000\137\000r\000e\000a\000d}{subsection.5.34.1}% 268
\BOOKMARK [1][-]{section.5.35}{\376\377\000r\000e\000a\000d\000\137\000f\000i\000l\000e\000.\000h\000\040\000F\000i\000l\000e\000\040\000R\000e\000f\000e\000r\000e\000n\000c\000e}{chapter.5}% 269
\BOOKMARK [2][-]{subsection.5.35.1}{\376\377\000F\000u\000n\000c\000t\000i\000o\000n\000\040\000D\000o\000c\000u\000m\000e\000n\000t\000a\000t\000i\000o\000n}{section.5.35}% 270
\BOOKMARK [3][-]{subsubsection.5.35.1.1}{\376\377\000s\000f\000s\000\137\000r\000e\000a\000d}{subsection.5.35.1}% 271
\BOOKMARK [1][-]{section.5.36}{\376\377\000s\000f\000s\000t\000e\000s\000t\000.\000c\000\040\000F\000i\000l\000e\000\040\000R\000e\000f\000e\000r\000e\000n\000c\000e}{chapter.5}% 272
\BOOKMARK [2][-]{subsection.5.36.1}{\376\377\000F\000u\000n\000c\000t\000i\000o\000n\000\040\000D\000o\000c\000u\000m\000e\000n\000t\000a\000t\000i\000o\000n}{section.5.36}% 273
\BOOKMARK [3][-]{subsubsection.5.36.1.1}{\376\377\000s\000f\000s\000\137\000t\000e\000s\000t}{subsection.5.36.1}% 274
\BOOKMARK [2][-]{subsection.5.36.2}{\376\377\000V\000a\000r\000i\000a\000b\000l\000e\000\040\000D\000o\000c\000u\000m\000e\000n\000t\000a\000t\000i\000o\000n}{section.5.36}% 275
\BOOKMARK [3][-]{subsubsection.5.36.2.1}{\376\377\000c\000o\000m\000m\000a\000n\000d\000\137\000b\000u\000f\000f\000e\000r}{subsection.5.36.2}% 276
\BOOKMARK [3][-]{subsubsection.5.36.2.2}{\376\377\000d\000a\000t\000a\000\137\000b\000u\000f\000f\000e\000r\000\137\0001}{subsection.5.36.2}% 277
\BOOKMARK [3][-]{subsubsection.5.36.2.3}{\376\377\000i\000o\000\137\000b\000u\000f\000f\000e\000r}{subsection.5.36.2}% 278
\BOOKMARK [3][-]{subsubsection.5.36.2.4}{\376\377\000p\0001}{subsection.5.36.2}% 279
\BOOKMARK [3][-]{subsubsection.5.36.2.5}{\376\377\000p\0002}{subsection.5.36.2}% 280
\BOOKMARK [3][-]{subsubsection.5.36.2.6}{\376\377\000p\0003}{subsection.5.36.2}% 281
\BOOKMARK [1][-]{section.5.37}{\376\377\000s\000u\000p\000e\000r\000\137\000b\000l\000o\000c\000k\000.\000c\000\040\000F\000i\000l\000e\000\040\000R\000e\000f\000e\000r\000e\000n\000c\000e}{chapter.5}% 282
\BOOKMARK [2][-]{subsection.5.37.1}{\376\377\000F\000u\000n\000c\000t\000i\000o\000n\000\040\000D\000o\000c\000u\000m\000e\000n\000t\000a\000t\000i\000o\000n}{section.5.37}% 283
\BOOKMARK [3][-]{subsubsection.5.37.1.1}{\376\377\000d\000i\000s\000p\000l\000a\000y\000\137\000s\000u\000p\000e\000r\000\137\000b\000l\000o\000c\000k}{subsection.5.37.1}% 284
\BOOKMARK [3][-]{subsubsection.5.37.1.2}{\376\377\000g\000e\000t\000\137\000f\000r\000e\000e\000\137\000b\000l\000o\000c\000k\000\137\000i\000n\000d\000e\000x}{subsection.5.37.1}% 285
\BOOKMARK [3][-]{subsubsection.5.37.1.3}{\376\377\000g\000e\000t\000\137\000r\000o\000o\000t}{subsection.5.37.1}% 286
\BOOKMARK [3][-]{subsubsection.5.37.1.4}{\376\377\000g\000e\000t\000\137\000s\000u\000p\000e\000r\000\137\000b\000l\000o\000c\000k}{subsection.5.37.1}% 287
\BOOKMARK [1][-]{section.5.38}{\376\377\000s\000u\000p\000e\000r\000\137\000b\000l\000o\000c\000k\000.\000h\000\040\000F\000i\000l\000e\000\040\000R\000e\000f\000e\000r\000e\000n\000c\000e}{chapter.5}% 288
\BOOKMARK [2][-]{subsection.5.38.1}{\376\377\000F\000u\000n\000c\000t\000i\000o\000n\000\040\000D\000o\000c\000u\000m\000e\000n\000t\000a\000t\000i\000o\000n}{section.5.38}% 289
\BOOKMARK [3][-]{subsubsection.5.38.1.1}{\376\377\000g\000e\000t\000\137\000f\000r\000e\000e\000\137\000b\000l\000o\000c\000k\000\137\000i\000n\000d\000e\000x}{subsection.5.38.1}% 290
\BOOKMARK [3][-]{subsubsection.5.38.1.2}{\376\377\000g\000e\000t\000\137\000r\000o\000o\000t}{subsection.5.38.1}% 291
\BOOKMARK [3][-]{subsubsection.5.38.1.3}{\376\377\000g\000e\000t\000\137\000s\000u\000p\000e\000r\000\137\000b\000l\000o\000c\000k}{subsection.5.38.1}% 292
\BOOKMARK [1][-]{section.5.39}{\376\377\000s\000y\000s\000t\000e\000m\000\137\000o\000p\000e\000n\000\137\000f\000i\000l\000e\000\137\000t\000a\000b\000l\000e\000.\000c\000\040\000F\000i\000l\000e\000\040\000R\000e\000f\000e\000r\000e\000n\000c\000e}{chapter.5}% 293
\BOOKMARK [2][-]{subsection.5.39.1}{\376\377\000F\000u\000n\000c\000t\000i\000o\000n\000\040\000D\000o\000c\000u\000m\000e\000n\000t\000a\000t\000i\000o\000n}{section.5.39}% 294
\BOOKMARK [3][-]{subsubsection.5.39.1.1}{\376\377\000a\000d\000d\000\137\000t\000o\000\137\000s\000w\000o\000f\000t}{subsection.5.39.1}% 295
\BOOKMARK [3][-]{subsubsection.5.39.1.2}{\376\377\000f\000i\000n\000d\000\137\000a\000n\000d\000\137\000r\000e\000m\000o\000v\000e}{subsection.5.39.1}% 296
\BOOKMARK [3][-]{subsubsection.5.39.1.3}{\376\377\000f\000i\000n\000d\000\137\000o\000p\000e\000n\000i\000n\000g}{subsection.5.39.1}% 297
\BOOKMARK [3][-]{subsubsection.5.39.1.4}{\376\377\000g\000e\000t\000\137\000i\000n\000o\000d\000e\000\137\000l\000o\000c}{subsection.5.39.1}% 298
\BOOKMARK [3][-]{subsubsection.5.39.1.5}{\376\377\000g\000e\000t\000\137\000s\000w\000o\000f\000t\000\137\000i\000n\000o\000d\000e}{subsection.5.39.1}% 299
\BOOKMARK [3][-]{subsubsection.5.39.1.6}{\376\377\000r\000e\000m\000o\000v\000e\000\137\000f\000d}{subsection.5.39.1}% 300
\BOOKMARK [3][-]{subsubsection.5.39.1.7}{\376\377\000v\000a\000l\000i\000d\000a\000t\000e\000\137\000f\000d}{subsection.5.39.1}% 301
\BOOKMARK [2][-]{subsection.5.39.2}{\376\377\000V\000a\000r\000i\000a\000b\000l\000e\000\040\000D\000o\000c\000u\000m\000e\000n\000t\000a\000t\000i\000o\000n}{section.5.39}% 302
\BOOKMARK [3][-]{subsubsection.5.39.2.1}{\376\377\000s\000y\000s\000t\000e\000m\000\137\000o\000p\000e\000n\000\137\000t\000b}{subsection.5.39.2}% 303
\BOOKMARK [1][-]{section.5.40}{\376\377\000s\000y\000s\000t\000e\000m\000\137\000o\000p\000e\000n\000\137\000f\000i\000l\000e\000\137\000t\000a\000b\000l\000e\000.\000h\000\040\000F\000i\000l\000e\000\040\000R\000e\000f\000e\000r\000e\000n\000c\000e}{chapter.5}% 304
\BOOKMARK [2][-]{subsection.5.40.1}{\376\377\000F\000u\000n\000c\000t\000i\000o\000n\000\040\000D\000o\000c\000u\000m\000e\000n\000t\000a\000t\000i\000o\000n}{section.5.40}% 305
\BOOKMARK [3][-]{subsubsection.5.40.1.1}{\376\377\000a\000d\000d\000\137\000t\000o\000\137\000s\000w\000o\000f\000t}{subsection.5.40.1}% 306
\BOOKMARK [3][-]{subsubsection.5.40.1.2}{\376\377\000f\000i\000n\000d\000\137\000a\000n\000d\000\137\000r\000e\000m\000o\000v\000e}{subsection.5.40.1}% 307
\BOOKMARK [3][-]{subsubsection.5.40.1.3}{\376\377\000f\000i\000n\000d\000\137\000o\000p\000e\000n\000i\000n\000g}{subsection.5.40.1}% 308
\BOOKMARK [3][-]{subsubsection.5.40.1.4}{\376\377\000g\000e\000t\000\137\000i\000n\000o\000d\000e\000\137\000l\000o\000c}{subsection.5.40.1}% 309
\BOOKMARK [3][-]{subsubsection.5.40.1.5}{\376\377\000g\000e\000t\000\137\000s\000w\000o\000f\000t\000\137\000i\000n\000o\000d\000e}{subsection.5.40.1}% 310
\BOOKMARK [3][-]{subsubsection.5.40.1.6}{\376\377\000r\000e\000m\000o\000v\000e\000\137\000f\000d}{subsection.5.40.1}% 311
\BOOKMARK [3][-]{subsubsection.5.40.1.7}{\376\377\000v\000a\000l\000i\000d\000a\000t\000e\000\137\000f\000d}{subsection.5.40.1}% 312
\BOOKMARK [2][-]{subsection.5.40.2}{\376\377\000V\000a\000r\000i\000a\000b\000l\000e\000\040\000D\000o\000c\000u\000m\000e\000n\000t\000a\000t\000i\000o\000n}{section.5.40}% 313
\BOOKMARK [3][-]{subsubsection.5.40.2.1}{\376\377\000s\000y\000s\000t\000e\000m\000\137\000o\000p\000e\000n\000\137\000t\000b}{subsection.5.40.2}% 314
\BOOKMARK [1][-]{section.5.41}{\376\377\000t\000r\000a\000v\000e\000r\000s\000e\000\137\000t\000r\000e\000e\000.\000c\000\040\000F\000i\000l\000e\000\040\000R\000e\000f\000e\000r\000e\000n\000c\000e}{chapter.5}% 315
\BOOKMARK [2][-]{subsection.5.41.1}{\376\377\000F\000u\000n\000c\000t\000i\000o\000n\000\040\000D\000o\000c\000u\000m\000e\000n\000t\000a\000t\000i\000o\000n}{section.5.41}% 316
\BOOKMARK [3][-]{subsubsection.5.41.1.1}{\376\377\000t\000r\000a\000v\000e\000r\000s\000e\000\137\000f\000i\000l\000e\000\137\000s\000y\000s\000t\000e\000m}{subsection.5.41.1}% 317
\BOOKMARK [1][-]{section.5.42}{\376\377\000t\000r\000a\000v\000e\000r\000s\000e\000\137\000t\000r\000e\000e\000.\000h\000\040\000F\000i\000l\000e\000\040\000R\000e\000f\000e\000r\000e\000n\000c\000e}{chapter.5}% 318
\BOOKMARK [2][-]{subsection.5.42.1}{\376\377\000F\000u\000n\000c\000t\000i\000o\000n\000\040\000D\000o\000c\000u\000m\000e\000n\000t\000a\000t\000i\000o\000n}{section.5.42}% 319
\BOOKMARK [3][-]{subsubsection.5.42.1.1}{\376\377\000t\000r\000a\000v\000e\000r\000s\000e\000\137\000f\000i\000l\000e\000\137\000s\000y\000s\000t\000e\000m}{subsection.5.42.1}% 320
\BOOKMARK [1][-]{section.5.43}{\376\377\000w\000r\000i\000t\000e\000\137\000f\000i\000l\000e\000.\000c\000\040\000F\000i\000l\000e\000\040\000R\000e\000f\000e\000r\000e\000n\000c\000e}{chapter.5}% 321
\BOOKMARK [2][-]{subsection.5.43.1}{\376\377\000F\000u\000n\000c\000t\000i\000o\000n\000\040\000D\000o\000c\000u\000m\000e\000n\000t\000a\000t\000i\000o\000n}{section.5.43}% 322
\BOOKMARK [3][-]{subsubsection.5.43.1.1}{\376\377\000m\000o\000d\000i\000f\000y\000\137\000d\000a\000t\000a}{subsection.5.43.1}% 323
\BOOKMARK [3][-]{subsubsection.5.43.1.2}{\376\377\000s\000e\000g\000m\000e\000n\000t\000\137\000d\000a\000t\000a}{subsection.5.43.1}% 324
\BOOKMARK [3][-]{subsubsection.5.43.1.3}{\376\377\000s\000e\000g\000m\000e\000n\000t\000\137\000d\000a\000t\000a\000\137\000l\000e\000n}{subsection.5.43.1}% 325
\BOOKMARK [3][-]{subsubsection.5.43.1.4}{\376\377\000s\000f\000s\000\137\000w\000r\000i\000t\000e}{subsection.5.43.1}% 326
\BOOKMARK [1][-]{section.5.44}{\376\377\000w\000r\000i\000t\000e\000\137\000f\000i\000l\000e\000.\000h\000\040\000F\000i\000l\000e\000\040\000R\000e\000f\000e\000r\000e\000n\000c\000e}{chapter.5}% 327
\BOOKMARK [2][-]{subsection.5.44.1}{\376\377\000F\000u\000n\000c\000t\000i\000o\000n\000\040\000D\000o\000c\000u\000m\000e\000n\000t\000a\000t\000i\000o\000n}{section.5.44}% 328
\BOOKMARK [3][-]{subsubsection.5.44.1.1}{\376\377\000m\000o\000d\000i\000f\000y\000\137\000d\000a\000t\000a}{subsection.5.44.1}% 329
\BOOKMARK [3][-]{subsubsection.5.44.1.2}{\376\377\000s\000e\000g\000m\000e\000n\000t\000\137\000d\000a\000t\000a}{subsection.5.44.1}% 330
\BOOKMARK [3][-]{subsubsection.5.44.1.3}{\376\377\000s\000e\000g\000m\000e\000n\000t\000\137\000d\000a\000t\000a\000\137\000l\000e\000n}{subsection.5.44.1}% 331
\BOOKMARK [3][-]{subsubsection.5.44.1.4}{\376\377\000s\000f\000s\000\137\000w\000r\000i\000t\000e}{subsection.5.44.1}% 332
\BOOKMARK [-1][-]{table.5.124}{\376\377\000I\000n\000d\000e\000x}{}% 333
